Login-master/app/build/intermediates/manifest_merge_blame_file/debug/manifest-merger-blame-debug-report.txt
1<?xml version="1.0" encoding="utf-8"?>
2<manifest xmlns:android="http://schemas.android.com/apk/res/android"
3    package="com.example.logintest"
4    android:versionCode="1"
5    android:versionName="1.0" >
6
7    <uses-sdk
8        android:minSdkVersion="16"
8-->src\main\AndroidManifest.xml
9        android:targetSdkVersion="29" />
9-->src\main\AndroidManifest.xml
10
11    <uses-permission android:name="android.permission.INTERNET" />
11-->src\main\AndroidManifest.xml:5:5-67
11-->src\main\AndroidManifest.xml:5:22-64
12
13    <!-- Although the *SdkVersion is captured in gradle build files, this is required for non gradle builds -->
14    <!-- <uses-sdk android:minSdkVersion="14" /> -->
15    <uses-permission android:name="android.permission.ACCESS_NETWORK_STATE" />
15-->[com.google.firebase:firebase-firestore:21.1.1] AndroidManifest.xml:13:5-79
15-->[com.google.firebase:firebase-firestore:21.1.1] AndroidManifest.xml:13:22-76
16    <uses-permission android:name="android.permission.WAKE_LOCK" />
16-->[com.google.android.gms:play-services-measurement:17.2.0] AndroidManifest.xml:25:5-68
16-->[com.google.android.gms:play-services-measurement:17.2.0] AndroidManifest.xml:25:22-65
17    <uses-permission android:name="com.google.android.finsky.permission.BIND_GET_INSTALL_REFERRER_SERVICE" /> <!-- Required by older versions of Google Play services to create IID tokens -->
17-->[com.google.android.gms:play-services-measurement:17.2.0] AndroidManifest.xml:26:5-110
17-->[com.google.android.gms:play-services-measurement:17.2.0] AndroidManifest.xml:26:22-107
18    <uses-permission android:name="com.google.android.c2dm.permission.RECEIVE" />
18-->[com.google.firebase:firebase-iid:19.0.0] AndroidManifest.xml:26:5-82
18-->[com.google.firebase:firebase-iid:19.0.0] AndroidManifest.xml:26:22-79
19
20    <application
20-->src\main\AndroidManifest.xml:7:5-28:19
21        android:name="androidx.multidex.MultiDexApplication"
22        android:allowBackup="true"
22-->src\main\AndroidManifest.xml:8:9-35
23        android:appComponentFactory="androidx.core.app.CoreComponentFactory"
23-->[androidx.core:core:1.0.1] AndroidManifest.xml:22:18-86
24        android:debuggable="true"
25        android:icon="@mipmap/ic_launcher"
25-->src\main\AndroidManifest.xml:9:9-43
26        android:label="@string/app_name"
26-->src\main\AndroidManifest.xml:10:9-41
27        android:roundIcon="@mipmap/ic_launcher_round"
27-->src\main\AndroidManifest.xml:11:9-54
28        android:supportsRtl="true"
28-->src\main\AndroidManifest.xml:12:9-35
29        android:testOnly="true"
30        android:theme="@style/AppTheme" >
30-->src\main\AndroidManifest.xml:13:9-40
31        <activity
31-->src\main\AndroidManifest.xml:14:9-17:68
32            android:name="com.example.logintest.Status"
32-->src\main\AndroidManifest.xml:15:13-35
33            android:label="@string/title_activity_status"
33-->src\main\AndroidManifest.xml:16:13-58
34            android:theme="@style/AppTheme.NoActionBar" />
34-->src\main\AndroidManifest.xml:17:13-56
35        <activity android:name="com.example.logintest.Camera" />
35-->src\main\AndroidManifest.xml:18:9-44
35-->src\main\AndroidManifest.xml:18:19-41
36        <activity android:name="com.example.logintest.RegistrationActivity" />
36-->src\main\AndroidManifest.xml:19:9-58
36-->src\main\AndroidManifest.xml:19:19-55
37        <activity android:name="com.example.logintest.SecondActivity" />
37-->src\main\AndroidManifest.xml:20:9-52
37-->src\main\AndroidManifest.xml:20:19-49
38        <activity android:name="com.example.logintest.MainActivity" >
38-->src\main\AndroidManifest.xml:21:9-27:20
38-->src\main\AndroidManifest.xml:21:19-47
39            <intent-filter>
39-->src\main\AndroidManifest.xml:22:13-26:29
40                <action android:name="android.intent.action.MAIN" />
40-->src\main\AndroidManifest.xml:23:17-69
40-->src\main\AndroidManifest.xml:23:25-66
41
42                <category android:name="android.intent.category.LAUNCHER" />
42-->src\main\AndroidManifest.xml:25:17-77
42-->src\main\AndroidManifest.xml:25:27-74
43            </intent-filter>
44        </activity>
45        <activity
45-->[com.google.firebase:firebase-auth:19.1.0] AndroidManifest.xml:24:9-31:50
46            android:name="com.google.firebase.auth.internal.FederatedSignInActivity"
46-->[com.google.firebase:firebase-auth:19.1.0] AndroidManifest.xml:25:13-85
47            android:excludeFromRecents="true"
47-->[com.google.firebase:firebase-auth:19.1.0] AndroidManifest.xml:26:13-46
48            android:exported="true"
48-->[com.google.firebase:firebase-auth:19.1.0] AndroidManifest.xml:27:13-36
49            android:launchMode="singleTask"
49-->[com.google.firebase:firebase-auth:19.1.0] AndroidManifest.xml:28:13-44
50            android:permission="com.google.firebase.auth.api.gms.permission.LAUNCH_FEDERATED_SIGN_IN"
50-->[com.google.firebase:firebase-auth:19.1.0] AndroidManifest.xml:29:13-102
51            android:theme="@android:style/Theme.Translucent.NoTitleBar" />
51-->[com.google.firebase:firebase-auth:19.1.0] AndroidManifest.xml:30:13-72
52
53        <service
53-->[com.google.firebase:firebase-auth:19.1.0] AndroidManifest.xml:33:9-39:19
54            android:name="com.google.firebase.components.ComponentDiscoveryService"
54-->[com.google.firebase:firebase-auth:19.1.0] AndroidManifest.xml:34:13-84
55            android:directBootAware="true"
55-->[com.google.firebase:firebase-common:19.1.0] AndroidManifest.xml:14:13-43
56            android:exported="false" >
56-->[com.google.firebase:firebase-auth:19.1.0] AndroidManifest.xml:35:13-37
57            <meta-data
57-->[com.google.firebase:firebase-auth:19.1.0] AndroidManifest.xml:36:13-38:85
58                android:name="com.google.firebase.components:com.google.firebase.auth.FirebaseAuthRegistrar"
58-->[com.google.firebase:firebase-auth:19.1.0] AndroidManifest.xml:37:17-109
59                android:value="com.google.firebase.components.ComponentRegistrar" />
59-->[com.google.firebase:firebase-auth:19.1.0] AndroidManifest.xml:38:17-82
60            <meta-data
60-->[com.google.firebase:firebase-firestore:21.1.1] AndroidManifest.xml:20:13-22:85
61                android:name="com.google.firebase.components:com.google.firebase.firestore.FirestoreRegistrar"
61-->[com.google.firebase:firebase-firestore:21.1.1] AndroidManifest.xml:21:17-111
62                android:value="com.google.firebase.components.ComponentRegistrar" />
62-->[com.google.firebase:firebase-firestore:21.1.1] AndroidManifest.xml:22:17-82
63            <meta-data
63-->[com.google.android.gms:play-services-measurement-api:17.2.0] AndroidManifest.xml:30:13-32:85
64                android:name="com.google.firebase.components:com.google.firebase.analytics.connector.internal.AnalyticsConnectorRegistrar"
64-->[com.google.android.gms:play-services-measurement-api:17.2.0] AndroidManifest.xml:31:17-139
65                android:value="com.google.firebase.components.ComponentRegistrar" />
65-->[com.google.android.gms:play-services-measurement-api:17.2.0] AndroidManifest.xml:32:17-82
66            <meta-data
66-->[com.google.firebase:firebase-iid:19.0.0] AndroidManifest.xml:32:13-34:85
67                android:name="com.google.firebase.components:com.google.firebase.iid.Registrar"
67-->[com.google.firebase:firebase-iid:19.0.0] AndroidManifest.xml:33:17-96
68                android:value="com.google.firebase.components.ComponentRegistrar" />
68-->[com.google.firebase:firebase-iid:19.0.0] AndroidManifest.xml:34:17-82
69        </service>
70
71        <receiver
71-->[com.google.android.gms:play-services-measurement:17.2.0] AndroidManifest.xml:29:9-33:20
72            android:name="com.google.android.gms.measurement.AppMeasurementReceiver"
72-->[com.google.android.gms:play-services-measurement:17.2.0] AndroidManifest.xml:30:13-85
73            android:enabled="true"
73-->[com.google.android.gms:play-services-measurement:17.2.0] AndroidManifest.xml:31:13-35
74            android:exported="false" >
74-->[com.google.android.gms:play-services-measurement:17.2.0] AndroidManifest.xml:32:13-37
75        </receiver>
76        <receiver
76-->[com.google.android.gms:play-services-measurement:17.2.0] AndroidManifest.xml:34:9-42:20
77            android:name="com.google.android.gms.measurement.AppMeasurementInstallReferrerReceiver"
77-->[com.google.android.gms:play-services-measurement:17.2.0] AndroidManifest.xml:35:13-100
78            android:enabled="true"
78-->[com.google.android.gms:play-services-measurement:17.2.0] AndroidManifest.xml:36:13-35
79            android:exported="true"
79-->[com.google.android.gms:play-services-measurement:17.2.0] AndroidManifest.xml:37:13-36
80            android:permission="android.permission.INSTALL_PACKAGES" >
80-->[com.google.android.gms:play-services-measurement:17.2.0] AndroidManifest.xml:38:13-69
81            <intent-filter>
81-->[com.google.android.gms:play-services-measurement:17.2.0] AndroidManifest.xml:39:13-41:29
82                <action android:name="com.android.vending.INSTALL_REFERRER" />
82-->[com.google.android.gms:play-services-measurement:17.2.0] AndroidManifest.xml:40:17-79
82-->[com.google.android.gms:play-services-measurement:17.2.0] AndroidManifest.xml:40:25-76
83            </intent-filter>
84        </receiver>
85
86        <service
86-->[com.google.android.gms:play-services-measurement:17.2.0] AndroidManifest.xml:44:9-47:40
87            android:name="com.google.android.gms.measurement.AppMeasurementService"
87-->[com.google.android.gms:play-services-measurement:17.2.0] AndroidManifest.xml:45:13-84
88            android:enabled="true"
88-->[com.google.android.gms:play-services-measurement:17.2.0] AndroidManifest.xml:46:13-35
89            android:exported="false" />
89-->[com.google.android.gms:play-services-measurement:17.2.0] AndroidManifest.xml:47:13-37
90        <service
90-->[com.google.android.gms:play-services-measurement:17.2.0] AndroidManifest.xml:48:9-52:72
91            android:name="com.google.android.gms.measurement.AppMeasurementJobService"
91-->[com.google.android.gms:play-services-measurement:17.2.0] AndroidManifest.xml:49:13-87
92            android:enabled="true"
92-->[com.google.android.gms:play-services-measurement:17.2.0] AndroidManifest.xml:50:13-35
93            android:exported="false"
93-->[com.google.android.gms:play-services-measurement:17.2.0] AndroidManifest.xml:51:13-37
94            android:permission="android.permission.BIND_JOB_SERVICE" />
94-->[com.google.android.gms:play-services-measurement:17.2.0] AndroidManifest.xml:52:13-69
95
96        <receiver
96-->[com.google.firebase:firebase-iid:19.0.0] AndroidManifest.xml:37:9-44:20
97            android:name="com.google.firebase.iid.FirebaseInstanceIdReceiver"
97-->[com.google.firebase:firebase-iid:19.0.0] AndroidManifest.xml:38:13-78
98            android:exported="true"
98-->[com.google.firebase:firebase-iid:19.0.0] AndroidManifest.xml:39:13-36
99            android:permission="com.google.android.c2dm.permission.SEND" >
99-->[com.google.firebase:firebase-iid:19.0.0] AndroidManifest.xml:40:13-73
100            <intent-filter>
100-->[com.google.firebase:firebase-iid:19.0.0] AndroidManifest.xml:41:13-43:29
101                <action android:name="com.google.android.c2dm.intent.RECEIVE" />
101-->[com.google.firebase:firebase-iid:19.0.0] AndroidManifest.xml:42:17-81
101-->[com.google.firebase:firebase-iid:19.0.0] AndroidManifest.xml:42:25-78
102            </intent-filter>
103        </receiver>
104
105        <activity
105-->[com.google.android.gms:play-services-base:17.1.0] AndroidManifest.xml:23:9-26:75
106            android:name="com.google.android.gms.common.api.GoogleApiActivity"
106-->[com.google.android.gms:play-services-base:17.1.0] AndroidManifest.xml:24:13-79
107            android:exported="false"
107-->[com.google.android.gms:play-services-base:17.1.0] AndroidManifest.xml:25:13-37
108            android:theme="@android:style/Theme.Translucent.NoTitleBar" />
108-->[com.google.android.gms:play-services-base:17.1.0] AndroidManifest.xml:26:13-72
109
110        <provider
110-->[com.google.firebase:firebase-common:19.1.0] AndroidManifest.xml:17:9-21:39
111            android:name="com.google.firebase.provider.FirebaseInitProvider"
111-->[com.google.firebase:firebase-common:19.1.0] AndroidManifest.xml:18:13-77
112            android:authorities="com.example.logintest.firebaseinitprovider"
112-->[com.google.firebase:firebase-common:19.1.0] AndroidManifest.xml:19:13-72
113            android:exported="false"
113-->[com.google.firebase:firebase-common:19.1.0] AndroidManifest.xml:20:13-37
114            android:initOrder="100" />
114-->[com.google.firebase:firebase-common:19.1.0] AndroidManifest.xml:21:13-36
115
116        <meta-data
116-->[com.google.android.gms:play-services-basement:17.0.0] AndroidManifest.xml:23:9-25:69
117            android:name="com.google.android.gms.version"
117-->[com.google.android.gms:play-services-basement:17.0.0] AndroidManifest.xml:24:13-58
118            android:value="@integer/google_play_services_version" />
118-->[com.google.android.gms:play-services-basement:17.0.0] AndroidManifest.xml:25:13-66
119    </application>
120
121</manifest>